<?xml version="1.0" encoding="UTF-8"?>
<testsuite name="com.github.cbserra.codewars.kyu4.MorseCodeDecoderTest" tests="5" skipped="0" failures="0" errors="0" timestamp="2023-03-09T13:19:51" hostname="Chriss-M1-MacBook-Pro.local" time="0.036">
  <properties/>
  <testcase name="testExtraZerosHandling" classname="com.github.cbserra.codewars.kyu4.MorseCodeDecoderTest" time="0.014"/>
  <testcase name="testBasicBitsDecoding" classname="com.github.cbserra.codewars.kyu4.MorseCodeDecoderTest" time="0.002"/>
  <testcase name="testExampleFromDescription" classname="com.github.cbserra.codewars.kyu4.MorseCodeDecoderTest" time="0.003"/>
  <testcase name="testLongMessagesHandling" classname="com.github.cbserra.codewars.kyu4.MorseCodeDecoderTest" time="0.016"/>
  <testcase name="testMultipleBitsPerDotHandling" classname="com.github.cbserra.codewars.kyu4.MorseCodeDecoderTest" time="0.001"/>
  <system-out><![CDATA[rate = 3
rate = 3
dot = 111
dotOrDash = .
morseCodeBuilder.toString().trim() = '.'
morseCode = '.'
letter = '.'
decoded.toString().trim() = 'E'
rate = 3
rate = 3
dot = 111
dotOrDash = .
morseCodeBuilder.toString().trim() = '.'
morseCode = '.'
letter = '.'
decoded.toString().trim() = 'E'
rate = 1
rate = 1
dot = 1
dotOrDash = .
morseCodeBuilder.toString().trim() = '.'
morseCode = '.'
letter = '.'
decoded.toString().trim() = 'E'
rate = 1
rate = 1
rate = 1
rate = 1
dot = 1
dotOrDash = .
dot = 1
dotOrDash = .
morseCodeBuilder.toString().trim() = '..'
morseCode = '..'
letter = '..'
decoded.toString().trim() = 'I'
rate = 1
rate = 1
rate = 1
rate = 1
dot = 1
dotOrDash = .
dot = 1
dotOrDash = .
morseCodeBuilder.toString().trim() = '. .'
morseCode = '. .'
letter = '.'
letter = '.'
decoded.toString().trim() = 'EE'
rate = 1
rate = 1
rate = 1
rate = 1
dot = 1
dotOrDash = .
dot = 111
dotOrDash = -
morseCodeBuilder.toString().trim() = '.-'
morseCode = '.-'
letter = '.-'
decoded.toString().trim() = 'A'
rate = 3
rate = 1
rate = 1
rate = 1
dot = 111
dotOrDash = -
dot = 111
dotOrDash = -
morseCodeBuilder.toString().trim() = '--'
morseCode = '--'
letter = '--'
decoded.toString().trim() = 'M'
rate = 2
rate = 2
rate = 2
rate = 2
rate = 2
rate = 2
rate = 2
rate = 2
rate = 2
rate = 2
rate = 2
rate = 2
rate = 2
rate = 2
rate = 2
rate = 2
rate = 2
rate = 2
rate = 2
rate = 2
rate = 2
rate = 2
rate = 2
rate = 2
rate = 2
rate = 2
rate = 2
rate = 2
rate = 2
rate = 2
rate = 2
rate = 2
rate = 2
rate = 2
rate = 2
rate = 2
rate = 2
rate = 2
rate = 2
rate = 2
dot = 11
dotOrDash = .
dot = 11
dotOrDash = .
dot = 11
dotOrDash = .
dot = 11
dotOrDash = .
dot = 11
dotOrDash = .
dot = 111111
dotOrDash = -
dot = 11
dotOrDash = .
dot = 111111
dotOrDash = -
dot = 111111
dotOrDash = -
dot = 11
dotOrDash = .
dot = 111111
dotOrDash = -
dot = 111111
dotOrDash = -
dot = 111111
dotOrDash = -
dot = 11
dotOrDash = .
dot = 11
dotOrDash = .
dot = 111111
dotOrDash = -
dot = 111111
dotOrDash = -
dot = 11
dotOrDash = .
dot = 11
dotOrDash = .
dot = 11
dotOrDash = .
morseCodeBuilder.toString().trim() = '.... . -.--    .--- ..- -.. .'
morseCode = '.... . -.--    .--- ..- -.. .'
letter = '....'
letter = '.'
letter = '-.--'
letter = '.---'
letter = '..-'
letter = '-..'
letter = '.'
decoded.toString().trim() = 'HEY JUDE'
rate = 3
rate = 3
rate = 1
rate = 1
rate = 1
rate = 1
rate = 1
rate = 1
rate = 1
rate = 1
rate = 1
rate = 1
rate = 1
rate = 1
rate = 1
rate = 1
rate = 1
rate = 1
rate = 1
rate = 1
rate = 1
rate = 1
rate = 1
rate = 1
rate = 1
rate = 1
rate = 1
rate = 1
rate = 1
rate = 1
rate = 1
rate = 1
rate = 1
rate = 1
rate = 1
rate = 1
rate = 1
rate = 1
rate = 1
rate = 1
rate = 1
rate = 1
rate = 1
rate = 1
rate = 1
rate = 1
rate = 1
rate = 1
rate = 1
rate = 1
rate = 1
rate = 1
rate = 1
rate = 1
rate = 1
rate = 1
rate = 1
rate = 1
rate = 1
rate = 1
rate = 1
rate = 1
rate = 1
rate = 1
rate = 1
rate = 1
rate = 1
rate = 1
rate = 1
rate = 1
rate = 1
rate = 1
rate = 1
rate = 1
rate = 1
rate = 1
rate = 1
rate = 1
rate = 1
rate = 1
rate = 1
rate = 1
rate = 1
rate = 1
rate = 1
rate = 1
rate = 1
rate = 1
rate = 1
rate = 1
rate = 1
rate = 1
rate = 1
rate = 1
rate = 1
rate = 1
rate = 1
rate = 1
rate = 1
rate = 1
rate = 1
rate = 1
rate = 1
rate = 1
rate = 1
rate = 1
rate = 1
rate = 1
rate = 1
rate = 1
rate = 1
rate = 1
rate = 1
rate = 1
rate = 1
rate = 1
rate = 1
rate = 1
rate = 1
rate = 1
rate = 1
rate = 1
rate = 1
rate = 1
rate = 1
rate = 1
rate = 1
rate = 1
rate = 1
rate = 1
rate = 1
rate = 1
rate = 1
rate = 1
rate = 1
rate = 1
rate = 1
rate = 1
rate = 1
rate = 1
rate = 1
rate = 1
rate = 1
rate = 1
rate = 1
rate = 1
rate = 1
rate = 1
rate = 1
rate = 1
rate = 1
rate = 1
rate = 1
rate = 1
rate = 1
rate = 1
rate = 1
rate = 1
rate = 1
rate = 1
rate = 1
rate = 1
rate = 1
rate = 1
rate = 1
rate = 1
rate = 1
rate = 1
rate = 1
rate = 1
rate = 1
rate = 1
rate = 1
rate = 1
rate = 1
rate = 1
rate = 1
rate = 1
rate = 1
rate = 1
rate = 1
rate = 1
rate = 1
rate = 1
rate = 1
rate = 1
rate = 1
rate = 1
rate = 1
rate = 1
rate = 1
rate = 1
rate = 1
rate = 1
rate = 1
rate = 1
rate = 1
rate = 1
rate = 1
rate = 1
rate = 1
rate = 1
rate = 1
rate = 1
rate = 1
rate = 1
rate = 1
rate = 1
rate = 1
rate = 1
rate = 1
rate = 1
rate = 1
rate = 1
rate = 1
rate = 1
rate = 1
rate = 1
rate = 1
rate = 1
dot = 111
dotOrDash = -
dot = 1
dotOrDash = .
dot = 1
dotOrDash = .
dot = 1
dotOrDash = .
dot = 1
dotOrDash = .
dot = 1
dotOrDash = .
dot = 111
dotOrDash = -
dot = 111
dotOrDash = -
dot = 1
dotOrDash = .
dot = 111
dotOrDash = -
dot = 1
dotOrDash = .
dot = 1
dotOrDash = .
dot = 111
dotOrDash = -
dot = 1
dotOrDash = .
dot = 1
dotOrDash = .
dot = 111
dotOrDash = -
dot = 1
dotOrDash = .
dot = 111
dotOrDash = -
dot = 1
dotOrDash = .
dot = 111
dotOrDash = -
dot = 1
dotOrDash = .
dot = 111
dotOrDash = -
dot = 111
dotOrDash = -
dot = 1
dotOrDash = .
dot = 1
dotOrDash = .
dot = 1
dotOrDash = .
dot = 1
dotOrDash = .
dot = 111
dotOrDash = -
dot = 1
dotOrDash = .
dot = 111
dotOrDash = -
dot = 111
dotOrDash = -
dot = 111
dotOrDash = -
dot = 1
dotOrDash = .
dot = 111
dotOrDash = -
dot = 111
dotOrDash = -
dot = 111
dotOrDash = -
dot = 1
dotOrDash = .
dot = 1
dotOrDash = .
dot = 1
dotOrDash = .
dot = 111
dotOrDash = -
dot = 1
dotOrDash = .
dot = 111
dotOrDash = -
dot = 111
dotOrDash = -
dot = 111
dotOrDash = -
dot = 111
dotOrDash = -
dot = 1
dotOrDash = .
dot = 1
dotOrDash = .
dot = 111
dotOrDash = -
dot = 1
dotOrDash = .
dot = 111
dotOrDash = -
dot = 111
dotOrDash = -
dot = 111
dotOrDash = -
dot = 1
dotOrDash = .
dot = 1
dotOrDash = .
dot = 111
dotOrDash = -
dot = 111
dotOrDash = -
dot = 111
dotOrDash = -
dot = 1
dotOrDash = .
dot = 111
dotOrDash = -
dot = 111
dotOrDash = -
dot = 1
dotOrDash = .
dot = 1
dotOrDash = .
dot = 1
dotOrDash = .
dot = 1
dotOrDash = .
dot = 111
dotOrDash = -
dot = 111
dotOrDash = -
dot = 111
dotOrDash = -
dot = 1
dotOrDash = .
dot = 1
dotOrDash = .
dot = 1
dotOrDash = .
dot = 111
dotOrDash = -
dot = 1
dotOrDash = .
dot = 1
dotOrDash = .
dot = 111
dotOrDash = -
dot = 1
dotOrDash = .
dot = 111
dotOrDash = -
dot = 1
dotOrDash = .
dot = 1
dotOrDash = .
dot = 1
dotOrDash = .
dot = 1
dotOrDash = .
dot = 1
dotOrDash = .
dot = 1
dotOrDash = .
dot = 111
dotOrDash = -
dot = 1
dotOrDash = .
dot = 1
dotOrDash = .
dot = 1
dotOrDash = .
dot = 111
dotOrDash = -
dot = 111
dotOrDash = -
dot = 111
dotOrDash = -
dot = 1
dotOrDash = .
dot = 1
dotOrDash = .
dot = 111
dotOrDash = -
dot = 1
dotOrDash = .
dot = 111
dotOrDash = -
dot = 111
dotOrDash = -
dot = 111
dotOrDash = -
dot = 1
dotOrDash = .
dot = 1
dotOrDash = .
dot = 111
dotOrDash = -
dot = 111
dotOrDash = -
dot = 111
dotOrDash = -
dot = 111
dotOrDash = -
dot = 111
dotOrDash = -
dot = 1
dotOrDash = .
dot = 1
dotOrDash = .
dot = 111
dotOrDash = -
dot = 1
dotOrDash = .
dot = 111
dotOrDash = -
dot = 1
dotOrDash = .
dot = 111
dotOrDash = -
morseCodeBuilder.toString().trim() = '- .... .    --.- ..- .. -.-. -.-    -... .-. --- .-- -.    ..-. --- -..-    .--- ..- -- .--. ...    --- ...- . .-.    - .... .    .-.. .- --.. -.--    -.. --- --. .-.-.-'
morseCode = '- .... .    --.- ..- .. -.-. -.-    -... .-. --- .-- -.    ..-. --- -..-    .--- ..- -- .--. ...    --- ...- . .-.    - .... .    .-.. .- --.. -.--    -.. --- --. .-.-.-'
letter = '-'
letter = '....'
letter = '.'
letter = '--.-'
letter = '..-'
letter = '..'
letter = '-.-.'
letter = '-.-'
letter = '-...'
letter = '.-.'
letter = '---'
letter = '.--'
letter = '-.'
letter = '..-.'
letter = '---'
letter = '-..-'
letter = '.---'
letter = '..-'
letter = '--'
letter = '.--.'
letter = '...'
letter = '---'
letter = '...-'
letter = '.'
letter = '.-.'
letter = '-'
letter = '....'
letter = '.'
letter = '.-..'
letter = '.-'
letter = '--..'
letter = '-.--'
letter = '-..'
letter = '---'
letter = '--.'
letter = '.-.-.-'
decoded.toString().trim() = 'THE QUICK BROWN FOX JUMPS OVER THE LAZY DOG.'
rate = 15
rate = 15
rate = 5
rate = 5
rate = 5
rate = 5
rate = 5
rate = 5
rate = 5
rate = 5
rate = 5
rate = 5
rate = 5
rate = 5
rate = 5
rate = 5
rate = 5
rate = 5
rate = 5
rate = 5
rate = 5
rate = 5
rate = 5
rate = 5
rate = 5
rate = 5
rate = 5
rate = 5
rate = 5
rate = 5
rate = 5
rate = 5
rate = 5
rate = 5
rate = 5
rate = 5
rate = 5
rate = 5
rate = 5
rate = 5
rate = 5
rate = 5
rate = 5
rate = 5
rate = 5
rate = 5
rate = 5
rate = 5
rate = 5
rate = 5
rate = 5
rate = 5
rate = 5
rate = 5
rate = 5
rate = 5
rate = 5
rate = 5
rate = 5
rate = 5
rate = 5
rate = 5
rate = 5
rate = 5
rate = 5
rate = 5
rate = 5
rate = 5
rate = 5
rate = 5
rate = 5
rate = 5
rate = 5
rate = 5
rate = 5
rate = 5
rate = 5
rate = 5
rate = 5
rate = 5
rate = 5
rate = 5
rate = 5
rate = 5
rate = 5
rate = 5
rate = 5
rate = 5
rate = 5
rate = 5
rate = 5
rate = 5
rate = 5
rate = 5
rate = 5
rate = 5
rate = 5
rate = 5
rate = 5
rate = 5
rate = 5
rate = 5
rate = 5
rate = 5
rate = 5
rate = 5
rate = 5
rate = 5
rate = 5
rate = 5
rate = 5
rate = 5
rate = 5
rate = 5
rate = 5
rate = 5
rate = 5
rate = 5
rate = 5
rate = 5
rate = 5
rate = 5
rate = 5
rate = 5
rate = 5
rate = 5
rate = 5
rate = 5
rate = 5
rate = 5
rate = 5
rate = 5
rate = 5
rate = 5
rate = 5
rate = 5
rate = 5
rate = 5
rate = 5
rate = 5
rate = 5
rate = 5
rate = 5
rate = 5
rate = 5
rate = 5
rate = 5
rate = 5
rate = 5
rate = 5
rate = 5
rate = 5
rate = 5
rate = 5
rate = 5
rate = 5
rate = 5
rate = 5
rate = 5
rate = 5
rate = 5
rate = 5
rate = 5
rate = 5
rate = 5
rate = 5
rate = 5
rate = 5
rate = 5
rate = 5
rate = 5
rate = 5
rate = 5
rate = 5
rate = 5
rate = 5
rate = 5
rate = 5
rate = 5
rate = 5
rate = 5
rate = 5
rate = 5
rate = 5
rate = 5
rate = 5
rate = 5
rate = 5
rate = 5
rate = 5
rate = 5
rate = 5
rate = 5
rate = 5
rate = 5
rate = 5
rate = 5
rate = 5
rate = 5
rate = 5
rate = 5
rate = 5
rate = 5
rate = 5
rate = 5
rate = 5
rate = 5
rate = 5
rate = 5
rate = 5
rate = 5
rate = 5
rate = 5
rate = 5
rate = 5
rate = 5
rate = 5
rate = 5
rate = 5
rate = 5
dot = 111111111111111
dotOrDash = -
dot = 11111
dotOrDash = .
dot = 11111
dotOrDash = .
dot = 11111
dotOrDash = .
dot = 11111
dotOrDash = .
dot = 11111
dotOrDash = .
dot = 111111111111111
dotOrDash = -
dot = 111111111111111
dotOrDash = -
dot = 11111
dotOrDash = .
dot = 111111111111111
dotOrDash = -
dot = 11111
dotOrDash = .
dot = 11111
dotOrDash = .
dot = 111111111111111
dotOrDash = -
dot = 11111
dotOrDash = .
dot = 11111
dotOrDash = .
dot = 111111111111111
dotOrDash = -
dot = 11111
dotOrDash = .
dot = 111111111111111
dotOrDash = -
dot = 11111
dotOrDash = .
dot = 111111111111111
dotOrDash = -
dot = 11111
dotOrDash = .
dot = 111111111111111
dotOrDash = -
dot = 111111111111111
dotOrDash = -
dot = 11111
dotOrDash = .
dot = 11111
dotOrDash = .
dot = 11111
dotOrDash = .
dot = 11111
dotOrDash = .
dot = 111111111111111
dotOrDash = -
dot = 11111
dotOrDash = .
dot = 111111111111111
dotOrDash = -
dot = 111111111111111
dotOrDash = -
dot = 111111111111111
dotOrDash = -
dot = 11111
dotOrDash = .
dot = 111111111111111
dotOrDash = -
dot = 111111111111111
dotOrDash = -
dot = 111111111111111
dotOrDash = -
dot = 11111
dotOrDash = .
dot = 11111
dotOrDash = .
dot = 11111
dotOrDash = .
dot = 111111111111111
dotOrDash = -
dot = 11111
dotOrDash = .
dot = 111111111111111
dotOrDash = -
dot = 111111111111111
dotOrDash = -
dot = 111111111111111
dotOrDash = -
dot = 111111111111111
dotOrDash = -
dot = 11111
dotOrDash = .
dot = 11111
dotOrDash = .
dot = 111111111111111
dotOrDash = -
dot = 11111
dotOrDash = .
dot = 111111111111111
dotOrDash = -
dot = 111111111111111
dotOrDash = -
dot = 111111111111111
dotOrDash = -
dot = 11111
dotOrDash = .
dot = 11111
dotOrDash = .
dot = 111111111111111
dotOrDash = -
dot = 111111111111111
dotOrDash = -
dot = 111111111111111
dotOrDash = -
dot = 11111
dotOrDash = .
dot = 111111111111111
dotOrDash = -
dot = 111111111111111
dotOrDash = -
dot = 11111
dotOrDash = .
dot = 11111
dotOrDash = .
dot = 11111
dotOrDash = .
dot = 11111
dotOrDash = .
dot = 111111111111111
dotOrDash = -
dot = 111111111111111
dotOrDash = -
dot = 111111111111111
dotOrDash = -
dot = 11111
dotOrDash = .
dot = 11111
dotOrDash = .
dot = 11111
dotOrDash = .
dot = 111111111111111
dotOrDash = -
dot = 11111
dotOrDash = .
dot = 11111
dotOrDash = .
dot = 111111111111111
dotOrDash = -
dot = 11111
dotOrDash = .
dot = 111111111111111
dotOrDash = -
dot = 11111
dotOrDash = .
dot = 11111
dotOrDash = .
dot = 11111
dotOrDash = .
dot = 11111
dotOrDash = .
dot = 11111
dotOrDash = .
dot = 11111
dotOrDash = .
dot = 111111111111111
dotOrDash = -
dot = 11111
dotOrDash = .
dot = 11111
dotOrDash = .
dot = 11111
dotOrDash = .
dot = 111111111111111
dotOrDash = -
dot = 111111111111111
dotOrDash = -
dot = 111111111111111
dotOrDash = -
dot = 11111
dotOrDash = .
dot = 11111
dotOrDash = .
dot = 111111111111111
dotOrDash = -
dot = 11111
dotOrDash = .
dot = 111111111111111
dotOrDash = -
dot = 111111111111111
dotOrDash = -
dot = 111111111111111
dotOrDash = -
dot = 11111
dotOrDash = .
dot = 11111
dotOrDash = .
dot = 111111111111111
dotOrDash = -
dot = 111111111111111
dotOrDash = -
dot = 111111111111111
dotOrDash = -
dot = 111111111111111
dotOrDash = -
dot = 111111111111111
dotOrDash = -
dot = 11111
dotOrDash = .
dot = 11111
dotOrDash = .
dot = 111111111111111
dotOrDash = -
dot = 11111
dotOrDash = .
dot = 111111111111111
dotOrDash = -
dot = 11111
dotOrDash = .
dot = 111111111111111
dotOrDash = -
morseCodeBuilder.toString().trim() = '- .... .    --.- ..- .. -.-. -.-    -... .-. --- .-- -.    ..-. --- -..-    .--- ..- -- .--. ...    --- ...- . .-.    - .... .    .-.. .- --.. -.--    -.. --- --. .-.-.-'
morseCode = '- .... .    --.- ..- .. -.-. -.-    -... .-. --- .-- -.    ..-. --- -..-    .--- ..- -- .--. ...    --- ...- . .-.    - .... .    .-.. .- --.. -.--    -.. --- --. .-.-.-'
letter = '-'
letter = '....'
letter = '.'
letter = '--.-'
letter = '..-'
letter = '..'
letter = '-.-.'
letter = '-.-'
letter = '-...'
letter = '.-.'
letter = '---'
letter = '.--'
letter = '-.'
letter = '..-.'
letter = '---'
letter = '-..-'
letter = '.---'
letter = '..-'
letter = '--'
letter = '.--.'
letter = '...'
letter = '---'
letter = '...-'
letter = '.'
letter = '.-.'
letter = '-'
letter = '....'
letter = '.'
letter = '.-..'
letter = '.-'
letter = '--..'
letter = '-.--'
letter = '-..'
letter = '---'
letter = '--.'
letter = '.-.-.-'
decoded.toString().trim() = 'THE QUICK BROWN FOX JUMPS OVER THE LAZY DOG.'
rate = 3
rate = 3
dot = 111
dotOrDash = .
morseCodeBuilder.toString().trim() = '.'
morseCode = '.'
letter = '.'
decoded.toString().trim() = 'E'
rate = 7
rate = 7
dot = 1111111
dotOrDash = .
morseCodeBuilder.toString().trim() = '.'
morseCode = '.'
letter = '.'
decoded.toString().trim() = 'E'
rate = 2
rate = 2
rate = 2
rate = 2
dot = 11
dotOrDash = .
dot = 11
dotOrDash = .
morseCodeBuilder.toString().trim() = '..'
morseCode = '..'
letter = '..'
decoded.toString().trim() = 'I'
rate = 3
rate = 3
rate = 3
rate = 3
dot = 111
dotOrDash = .
dot = 111
dotOrDash = .
morseCodeBuilder.toString().trim() = '..'
morseCode = '..'
letter = '..'
decoded.toString().trim() = 'I'
rate = 5
rate = 5
rate = 5
rate = 5
dot = 11111
dotOrDash = .
dot = 11111
dotOrDash = .
morseCodeBuilder.toString().trim() = '..'
morseCode = '..'
letter = '..'
decoded.toString().trim() = 'I'
rate = 6
rate = 2
rate = 2
rate = 2
dot = 111111
dotOrDash = -
dot = 111111
dotOrDash = -
morseCodeBuilder.toString().trim() = '--'
morseCode = '--'
letter = '--'
decoded.toString().trim() = 'M'
rate = 3
rate = 3
rate = 3
rate = 3
dot = 111
dotOrDash = .
dot = 111
dotOrDash = .
morseCodeBuilder.toString().trim() = '. .'
morseCode = '. .'
letter = '.'
letter = '.'
decoded.toString().trim() = 'EE'
rate = 3
rate = 3
rate = 3
rate = 3
rate = 3
rate = 3
dot = 111
dotOrDash = .
dot = 111
dotOrDash = .
dot = 111
dotOrDash = .
morseCodeBuilder.toString().trim() = '...'
morseCode = '...'
letter = '...'
decoded.toString().trim() = 'S'
]]></system-out>
  <system-err><![CDATA[]]></system-err>
</testsuite>
